2025-12-11 17:47:21 | INFO  | [main] (BankAccount.java:26) - Tạo mới tài khoản cho khách hàng: Nguyen Van A | Số dư ban đầu: 5000000.0
2025-12-11 17:47:21 | INFO  | [main] (BankAccount.java:45) - Gửi tiền THÀNH CÔNG. Số tiền: 2000000.0 | Số dư mới: 7000000.0
2025-12-11 17:47:21 | ERROR | [main] (BankAccount.java:38) - Giao dịch thất bại: Số tiền gửi không hợp lệ (-50000.0)
2025-12-11 17:47:21 | INFO  | [main] (BankAccount.java:63) - Rút tiền THÀNH CÔNG. Số tiền: -1000000.0 | Số dư còn lại: 6000000.0
2025-12-11 17:47:21 | WARN  | [main] (BankAccount.java:56) - Cảnh báo: Khách hàng Nguyen Van A cố rút 1.0E7 nhưng chỉ có 6000000.0
2025-12-11 17:51:26 | INFO  | [main] (BankAccount.java:26) - Tạo mới tài khoản cho khách hàng: Nguyen Van A | Số dư ban đầu: 5000000.0
2025-12-11 17:51:26 | INFO  | [main] (BankAccount.java:45) - Gửi tiền THÀNH CÔNG. Số tiền: 2000000.0 | Số dư mới: 7000000.0
2025-12-11 17:51:26 | ERROR | [main] (BankAccount.java:38) - Giao dịch thất bại: Số tiền gửi không hợp lệ (-50000.0)
2025-12-11 17:51:26 | INFO  | [main] (BankAccount.java:63) - Rút tiền THÀNH CÔNG. Số tiền: -1000000.0 | Số dư còn lại: 6000000.0
2025-12-11 17:51:26 | WARN  | [main] (BankAccount.java:56) - Cảnh báo: Khách hàng Nguyen Van A cố rút 1.0E7 nhưng chỉ có 6000000.0
2025-12-11 17:55:21 | INFO  | [main] (BankAccount.java:25) - 

-------------------- NEW RUN SESSION --------------------
2025-12-11 17:55:21 | INFO  | [main] (BankAccount.java:27) - Tạo mới tài khoản cho khách hàng: Nguyen Van A | Số dư ban đầu: 5000000.0
2025-12-11 17:55:21 | INFO  | [main] (BankAccount.java:48) - Gửi tiền THÀNH CÔNG. Số tiền: 2000000.0 | Số dư mới: 7000000.0
2025-12-11 17:55:21 | ERROR | [main] (BankAccount.java:41) - Giao dịch thất bại: Số tiền gửi không hợp lệ (-50000.0)
2025-12-11 17:55:21 | INFO  | [main] (BankAccount.java:66) - Rút tiền THÀNH CÔNG. Số tiền: -1000000.0 | Số dư còn lại: 6000000.0
2025-12-11 17:55:21 | WARN  | [main] (BankAccount.java:59) - Cảnh báo: Khách hàng Nguyen Van A cố rút 1.0E7 nhưng chỉ có 6000000.0
2025-12-11 17:55:37 | INFO  | [main] (BankAccount.java:25) - 

-------------------- NEW RUN SESSION --------------------
2025-12-11 17:55:37 | INFO  | [main] (BankAccount.java:27) - Tạo mới tài khoản cho khách hàng: Nguyen Van A | Số dư ban đầu: 5000000.0
2025-12-11 17:55:37 | INFO  | [main] (BankAccount.java:48) - Gửi tiền THÀNH CÔNG. Số tiền: 2000000.0 | Số dư mới: 7000000.0
2025-12-11 17:55:37 | ERROR | [main] (BankAccount.java:41) - Giao dịch thất bại: Số tiền gửi không hợp lệ (-50000.0)
2025-12-11 17:55:37 | INFO  | [main] (BankAccount.java:66) - Rút tiền THÀNH CÔNG. Số tiền: -1000000.0 | Số dư còn lại: 6000000.0
2025-12-11 17:55:37 | WARN  | [main] (BankAccount.java:59) - Cảnh báo: Khách hàng Nguyen Van A cố rút 1.0E7 nhưng chỉ có 6000000.0
