2025-12-11 17:47:11 | INFO  | [main] (OrderService.java:15) - >>> NHẬN ĐƠN HÀNG MỚI: User=NguyenVanA, Product=iPhone 15
2025-12-11 17:47:11 | DEBUG | [main] (OrderService.java:21) - Tính toán giá: 2 * 1000.0 = 2000.0
2025-12-11 17:47:11 | DEBUG | [main] (InventoryService.java:11) - Đang kiểm tra kho cho sản phẩm: iPhone 15 với số lượng: 2
2025-12-11 17:47:11 | INFO  | [main] (InventoryService.java:20) - Đã trừ kho thành công. Tồn kho hiện tại: 8
2025-12-11 17:47:11 | INFO  | [main] (PaymentService.java:10) - Bắt đầu xử lý thanh toán cho: NguyenVanA | Số tiền: 2000.0
2025-12-11 17:47:11 | INFO  | [main] (PaymentService.java:20) - Thanh toán thành công!
2025-12-11 17:47:11 | INFO  | [main] (OrderService.java:44) - <<< ĐƠN HÀNG HOÀN TẤT THÀNH CÔNG CHO NguyenVanA
2025-12-11 17:47:11 | INFO  | [main] (OrderService.java:15) - >>> NHẬN ĐƠN HÀNG MỚI: User=TranVanB, Product=iPhone 15
2025-12-11 17:47:11 | DEBUG | [main] (OrderService.java:21) - Tính toán giá: 5 * 1000.0 = 5000.0
2025-12-11 17:47:11 | DEBUG | [main] (InventoryService.java:11) - Đang kiểm tra kho cho sản phẩm: iPhone 15 với số lượng: 5
2025-12-11 17:47:11 | INFO  | [main] (InventoryService.java:20) - Đã trừ kho thành công. Tồn kho hiện tại: 3
2025-12-11 17:47:11 | WARN  | [main] (InventoryService.java:25) - CẢNH BÁO: Hàng sắp hết (3 sản phẩm). Cần nhập thêm ngay!
2025-12-11 17:47:11 | INFO  | [main] (PaymentService.java:10) - Bắt đầu xử lý thanh toán cho: TranVanB | Số tiền: 5000.0
2025-12-11 17:47:11 | INFO  | [main] (PaymentService.java:20) - Thanh toán thành công!
2025-12-11 17:47:11 | INFO  | [main] (OrderService.java:44) - <<< ĐƠN HÀNG HOÀN TẤT THÀNH CÔNG CHO TranVanB
2025-12-11 17:47:11 | INFO  | [main] (OrderService.java:15) - >>> NHẬN ĐƠN HÀNG MỚI: User=RichKid, Product=iPhone 15
2025-12-11 17:47:11 | DEBUG | [main] (OrderService.java:21) - Tính toán giá: 1 * 15000.0 = 15000.0
2025-12-11 17:47:11 | DEBUG | [main] (OrderService.java:26) - Áp dụng giảm giá VIP 10%: -1500.0. Tổng mới: 13500.0
2025-12-11 17:47:11 | DEBUG | [main] (InventoryService.java:11) - Đang kiểm tra kho cho sản phẩm: iPhone 15 với số lượng: 1
2025-12-11 17:47:11 | INFO  | [main] (InventoryService.java:20) - Đã trừ kho thành công. Tồn kho hiện tại: 2
2025-12-11 17:47:11 | WARN  | [main] (InventoryService.java:25) - CẢNH BÁO: Hàng sắp hết (2 sản phẩm). Cần nhập thêm ngay!
2025-12-11 17:47:11 | INFO  | [main] (PaymentService.java:10) - Bắt đầu xử lý thanh toán cho: RichKid | Số tiền: 13500.0
2025-12-11 17:47:11 | ERROR | [main] (PaymentService.java:15) - LỖI THANH TOÁN: Timeout kết nối đến ngân hàng cho giao dịch lớn.
2025-12-11 17:47:11 | ERROR | [main] (OrderService.java:39) - Hủy đơn hàng do thanh toán thất bại.
2025-12-11 17:47:11 | INFO  | [main] (OrderService.java:15) - >>> NHẬN ĐƠN HÀNG MỚI: User=SlowGuy, Product=iPhone 15
2025-12-11 17:47:11 | DEBUG | [main] (OrderService.java:21) - Tính toán giá: 100 * 1000.0 = 100000.0
2025-12-11 17:47:11 | DEBUG | [main] (OrderService.java:26) - Áp dụng giảm giá VIP 10%: -10000.0. Tổng mới: 90000.0
2025-12-11 17:47:11 | DEBUG | [main] (InventoryService.java:11) - Đang kiểm tra kho cho sản phẩm: iPhone 15 với số lượng: 100
2025-12-11 17:47:11 | ERROR | [main] (InventoryService.java:15) - Hết hàng! Khách mua 100 nhưng kho chỉ còn 2
2025-12-11 17:47:11 | INFO  | [main] (OrderService.java:32) - Hủy đơn hàng do hết kho.
2025-12-11 17:55:56 | INFO  | [main] (OrderService.java:15) - >>> NHẬN ĐƠN HÀNG MỚI: User=NguyenVanA, Product=iPhone 15
2025-12-11 17:55:56 | DEBUG | [main] (OrderService.java:21) - Tính toán giá: 2 * 1000.0 = 2000.0
2025-12-11 17:55:56 | INFO  | [main] (InventoryService.java:11) - 

-------------------- NEW RUN SESSION --------------------
2025-12-11 17:55:56 | DEBUG | [main] (InventoryService.java:13) - Đang kiểm tra kho cho sản phẩm: iPhone 15 với số lượng: 2
2025-12-11 17:55:56 | INFO  | [main] (InventoryService.java:22) - Đã trừ kho thành công. Tồn kho hiện tại: 8
2025-12-11 17:55:56 | INFO  | [main] (PaymentService.java:10) - Bắt đầu xử lý thanh toán cho: NguyenVanA | Số tiền: 2000.0
2025-12-11 17:55:56 | INFO  | [main] (PaymentService.java:20) - Thanh toán thành công!
2025-12-11 17:55:56 | INFO  | [main] (OrderService.java:44) - <<< ĐƠN HÀNG HOÀN TẤT THÀNH CÔNG CHO NguyenVanA
2025-12-11 17:55:56 | INFO  | [main] (OrderService.java:15) - >>> NHẬN ĐƠN HÀNG MỚI: User=TranVanB, Product=iPhone 15
2025-12-11 17:55:56 | DEBUG | [main] (OrderService.java:21) - Tính toán giá: 5 * 1000.0 = 5000.0
2025-12-11 17:55:56 | INFO  | [main] (InventoryService.java:11) - 

-------------------- NEW RUN SESSION --------------------
2025-12-11 17:55:56 | DEBUG | [main] (InventoryService.java:13) - Đang kiểm tra kho cho sản phẩm: iPhone 15 với số lượng: 5
2025-12-11 17:55:56 | INFO  | [main] (InventoryService.java:22) - Đã trừ kho thành công. Tồn kho hiện tại: 3
2025-12-11 17:55:56 | WARN  | [main] (InventoryService.java:27) - CẢNH BÁO: Hàng sắp hết (3 sản phẩm). Cần nhập thêm ngay!
2025-12-11 17:55:56 | INFO  | [main] (PaymentService.java:10) - Bắt đầu xử lý thanh toán cho: TranVanB | Số tiền: 5000.0
2025-12-11 17:55:56 | INFO  | [main] (PaymentService.java:20) - Thanh toán thành công!
2025-12-11 17:55:56 | INFO  | [main] (OrderService.java:44) - <<< ĐƠN HÀNG HOÀN TẤT THÀNH CÔNG CHO TranVanB
2025-12-11 17:55:56 | INFO  | [main] (OrderService.java:15) - >>> NHẬN ĐƠN HÀNG MỚI: User=RichKid, Product=iPhone 15
2025-12-11 17:55:56 | DEBUG | [main] (OrderService.java:21) - Tính toán giá: 1 * 15000.0 = 15000.0
2025-12-11 17:55:56 | DEBUG | [main] (OrderService.java:26) - Áp dụng giảm giá VIP 10%: -1500.0. Tổng mới: 13500.0
2025-12-11 17:55:56 | INFO  | [main] (InventoryService.java:11) - 

-------------------- NEW RUN SESSION --------------------
2025-12-11 17:55:56 | DEBUG | [main] (InventoryService.java:13) - Đang kiểm tra kho cho sản phẩm: iPhone 15 với số lượng: 1
2025-12-11 17:55:56 | INFO  | [main] (InventoryService.java:22) - Đã trừ kho thành công. Tồn kho hiện tại: 2
2025-12-11 17:55:56 | WARN  | [main] (InventoryService.java:27) - CẢNH BÁO: Hàng sắp hết (2 sản phẩm). Cần nhập thêm ngay!
2025-12-11 17:55:56 | INFO  | [main] (PaymentService.java:10) - Bắt đầu xử lý thanh toán cho: RichKid | Số tiền: 13500.0
2025-12-11 17:55:56 | ERROR | [main] (PaymentService.java:15) - LỖI THANH TOÁN: Timeout kết nối đến ngân hàng cho giao dịch lớn.
2025-12-11 17:55:56 | ERROR | [main] (OrderService.java:39) - Hủy đơn hàng do thanh toán thất bại.
2025-12-11 17:55:56 | INFO  | [main] (OrderService.java:15) - >>> NHẬN ĐƠN HÀNG MỚI: User=SlowGuy, Product=iPhone 15
2025-12-11 17:55:56 | DEBUG | [main] (OrderService.java:21) - Tính toán giá: 100 * 1000.0 = 100000.0
2025-12-11 17:55:56 | DEBUG | [main] (OrderService.java:26) - Áp dụng giảm giá VIP 10%: -10000.0. Tổng mới: 90000.0
2025-12-11 17:55:56 | INFO  | [main] (InventoryService.java:11) - 

-------------------- NEW RUN SESSION --------------------
2025-12-11 17:55:56 | DEBUG | [main] (InventoryService.java:13) - Đang kiểm tra kho cho sản phẩm: iPhone 15 với số lượng: 100
2025-12-11 17:55:56 | ERROR | [main] (InventoryService.java:17) - Hết hàng! Khách mua 100 nhưng kho chỉ còn 2
2025-12-11 17:55:56 | INFO  | [main] (OrderService.java:32) - Hủy đơn hàng do hết kho.
